# JRE version: Java(TM) SE Runtime Environment (20.0.1+9) (build 20.0.1+9-29)
# Java VM: Java HotSpot(TM) 64-Bit Server VM (20.0.1+9-29, mixed mode, emulated-client, sharing, tiered, compressed oops, compressed class ptrs, g1 gc, windows-amd64)
GC Precious Log:
 CardTable entry size: 512
 Card Set container configuration: InlinePtr #cards 5 size 8 Array Of Cards #cards 12 size 40 Howl #buckets 4 coarsen threshold 1843 Howl Bitmap #cards 512 size 80 coarsen threshold 460 Card regions per heap region 1 cards per card region 2048
 CPUs: 8 total, 8 available
 Memory: 7834M
 Large Page Support: Disabled
 NUMA Support: Disabled
 Compressed Oops: Enabled (32-bit)
 Heap Region Size: 1M
 Heap Min Capacity: 8M
 Heap Initial Capacity: 124M
 Heap Max Capacity: 1960M
 Pre-touch: Disabled
 Parallel Workers: 8
 Concurrent Workers: 2
 Concurrent Refinement Workers: 8
 Periodic GC: Disabled
Heap:
 garbage-first heap   total 83968K, used 38401K [0x0000000085800000, 0x0000000100000000)
  region size 1024K, 1 young (1024K), 1 survivors (1024K)
 Metaspace       used 78851K, committed 79680K, reserved 1179648K
  class space    used 11143K, committed 11520K, reserved 1048576K
GC Heap History (20 events):
Event: 548.300 GC heap after
{Heap after GC invocations=113 (full 0):
 garbage-first heap   total 82944K, used 38519K [0x0000000085800000, 0x0000000100000000)
  region size 1024K, 1 young (1024K), 1 survivors (1024K)
 Metaspace       used 78386K, committed 79488K, reserved 1179648K
  class space    used 11030K, committed 11456K, reserved 1048576K
}
Event: 554.151 GC heap before
{Heap before GC invocations=113 (full 0):
 garbage-first heap   total 82944K, used 75383K [0x0000000085800000, 0x0000000100000000)
  region size 1024K, 37 young (37888K), 1 survivors (1024K)
 Metaspace       used 78386K, committed 79488K, reserved 1179648K
  class space    used 11030K, committed 11456K, reserved 1048576K
}
Event: 554.155 GC heap after
{Heap after GC invocations=114 (full 0):
 garbage-first heap   total 82944K, used 38671K [0x0000000085800000, 0x0000000100000000)
  region size 1024K, 1 young (1024K), 1 survivors (1024K)
 Metaspace       used 78386K, committed 79488K, reserved 1179648K
  class space    used 11030K, committed 11456K, reserved 1048576K
}
Event: 556.188 GC heap before
{Heap before GC invocations=114 (full 0):
 garbage-first heap   total 82944K, used 75535K [0x0000000085800000, 0x0000000100000000)
  region size 1024K, 37 young (37888K), 1 survivors (1024K)
 Metaspace       used 78386K, committed 79488K, reserved 1179648K
  class space    used 11030K, committed 11456K, reserved 1048576K
}
Event: 556.190 GC heap after
{Heap after GC invocations=115 (full 0):
 garbage-first heap   total 82944K, used 38724K [0x0000000085800000, 0x0000000100000000)
  region size 1024K, 1 young (1024K), 1 survivors (1024K)
 Metaspace       used 78386K, committed 79488K, reserved 1179648K
  class space    used 11030K, committed 11456K, reserved 1048576K
}
Event: 566.790 GC heap before
{Heap before GC invocations=116 (full 0):
 garbage-first heap   total 82944K, used 74564K [0x0000000085800000, 0x0000000100000000)
  region size 1024K, 37 young (37888K), 1 survivors (1024K)
 Metaspace       used 78846K, committed 79680K, reserved 1179648K
  class space    used 11142K, committed 11520K, reserved 1048576K
}
Event: 566.792 GC heap after
{Heap after GC invocations=117 (full 0):
 garbage-first heap   total 82944K, used 38850K [0x0000000085800000, 0x0000000100000000)
  region size 1024K, 1 young (1024K), 1 survivors (1024K)
 Metaspace       used 78846K, committed 79680K, reserved 1179648K
  class space    used 11142K, committed 11520K, reserved 1048576K
}
Event: 566.959 GC heap before
{Heap before GC invocations=117 (full 0):
 garbage-first heap   total 82944K, used 74690K [0x0000000085800000, 0x0000000100000000)
  region size 1024K, 37 young (37888K), 1 survivors (1024K)
 Metaspace       used 78849K, committed 79680K, reserved 1179648K
  class space    used 11142K, committed 11520K, reserved 1048576K
}
Event: 566.964 GC heap after
{Heap after GC invocations=118 (full 0):
 garbage-first heap   total 82944K, used 39034K [0x0000000085800000, 0x0000000100000000)
  region size 1024K, 2 young (2048K), 2 survivors (2048K)
 Metaspace       used 78849K, committed 79680K, reserved 1179648K
  class space    used 11142K, committed 11520K, reserved 1048576K
}
Event: 567.106 GC heap before
{Heap before GC invocations=118 (full 0):
 garbage-first heap   total 82944K, used 72826K [0x0000000085800000, 0x0000000100000000)
  region size 1024K, 36 young (36864K), 2 survivors (2048K)
 Metaspace       used 78851K, committed 79680K, reserved 1179648K
  class space    used 11143K, committed 11520K, reserved 1048576K
}
Event: 567.108 GC heap after
{Heap after GC invocations=119 (full 0):
 garbage-first heap   total 82944K, used 39164K [0x0000000085800000, 0x0000000100000000)
  region size 1024K, 2 young (2048K), 2 survivors (2048K)
 Metaspace       used 78851K, committed 79680K, reserved 1179648K
  class space    used 11143K, committed 11520K, reserved 1048576K
}
Event: 567.274 GC heap before
{Heap before GC invocations=120 (full 0):
 garbage-first heap   total 83968K, used 72956K [0x0000000085800000, 0x0000000100000000)
  region size 1024K, 36 young (36864K), 2 survivors (2048K)
 Metaspace       used 78851K, committed 79680K, reserved 1179648K
  class space    used 11143K, committed 11520K, reserved 1048576K
}
Event: 567.276 GC heap after
{Heap after GC invocations=121 (full 0):
 garbage-first heap   total 83968K, used 39102K [0x0000000085800000, 0x0000000100000000)
  region size 1024K, 2 young (2048K), 2 survivors (2048K)
 Metaspace       used 78851K, committed 79680K, reserved 1179648K
  class space    used 11143K, committed 11520K, reserved 1048576K
}
Event: 567.439 GC heap before
{Heap before GC invocations=121 (full 0):
 garbage-first heap   total 83968K, used 73918K [0x0000000085800000, 0x0000000100000000)
  region size 1024K, 37 young (37888K), 2 survivors (2048K)
 Metaspace       used 78851K, committed 79680K, reserved 1179648K
  class space    used 11143K, committed 11520K, reserved 1048576K
}
Event: 567.451 GC heap after
{Heap after GC invocations=122 (full 0):
 garbage-first heap   total 83968K, used 38816K [0x0000000085800000, 0x0000000100000000)
  region size 1024K, 2 young (2048K), 2 survivors (2048K)
 Metaspace       used 78851K, committed 79680K, reserved 1179648K
  class space    used 11143K, committed 11520K, reserved 1048576K
}
Event: 567.623 GC heap before
{Heap before GC invocations=122 (full 0):
 garbage-first heap   total 83968K, used 74656K [0x0000000085800000, 0x0000000100000000)
  region size 1024K, 38 young (38912K), 2 survivors (2048K)
 Metaspace       used 78851K, committed 79680K, reserved 1179648K
  class space    used 11143K, committed 11520K, reserved 1048576K
}
Event: 567.625 GC heap after
{Heap after GC invocations=123 (full 0):
 garbage-first heap   total 83968K, used 38549K [0x0000000085800000, 0x0000000100000000)
  region size 1024K, 1 young (1024K), 1 survivors (1024K)
 Metaspace       used 78851K, committed 79680K, reserved 1179648K
  class space    used 11143K, committed 11520K, reserved 1048576K
}
Event: 567.844 GC heap before
{Heap before GC invocations=124 (full 0):
 garbage-first heap   total 83968K, used 76437K [0x0000000085800000, 0x0000000100000000)
  region size 1024K, 39 young (39936K), 1 survivors (1024K)
 Metaspace       used 78851K, committed 79680K, reserved 1179648K
  class space    used 11143K, committed 11520K, reserved 1048576K
}
Event: 567.846 GC heap after
{Heap after GC invocations=125 (full 0):
 garbage-first heap   total 83968K, used 38615K [0x0000000085800000, 0x0000000100000000)
  region size 1024K, 1 young (1024K), 1 survivors (1024K)
 Metaspace       used 78851K, committed 79680K, reserved 1179648K
  class space    used 11143K, committed 11520K, reserved 1048576K
}
Event: 568.020 GC heap before
{Heap before GC invocations=125 (full 0):
 garbage-first heap   total 83968K, used 76503K [0x0000000085800000, 0x0000000100000000)
  region size 1024K, 39 young (39936K), 1 survivors (1024K)
 Metaspace       used 78851K, committed 79680K, reserved 1179648K
  class space    used 11143K, committed 11520K, reserved 1048576K
}

